RUN	com.gatling.tests.API.PostPutDeleteDemo	postputdeletedemo	1655897007057	 	3.6.1
USER	Create User	START	1655897008310
USER	Update User	START	1655897008310
USER	Update User	START	1655897008799
USER	Create User	START	1655897008815
REQUEST		update user	1655897008338	1655897008949	OK	 
REQUEST		Create User Request	1655897008338	1655897009039	OK	 
USER	Create User	START	1655897009302
USER	Update User	START	1655897009302
REQUEST		update user	1655897008799	1655897009324	OK	 
REQUEST		Create User Request	1655897008815	1655897009371	OK	 
USER	Update User	START	1655897009809
USER	Create User	START	1655897009809
REQUEST		Create User Request	1655897009303	1655897009833	OK	 
REQUEST		update user	1655897009303	1655897009853	OK	 
USER	Update User	END	1655897010008
USER	Create User	END	1655897010051
USER	Update User	START	1655897010302
REQUEST		Create User Request	1655897009810	1655897010304	OK	 
REQUEST		update user	1655897009810	1655897010309	OK	 
USER	Create User	START	1655897010317
USER	Update User	END	1655897010333
USER	Create User	END	1655897010380
USER	Create User	START	1655897010803
REQUEST		update user	1655897010302	1655897010813	OK	 
USER	Create User	END	1655897010850
USER	Update User	END	1655897010866
REQUEST		Create User Request	1655897010318	1655897010941	OK	 
REQUEST		Create User Request	1655897010804	1655897011272	OK	 
USER	Create User	END	1655897011318
USER	Update User	END	1655897011318
USER	Create User	START	1655897011319
USER	Create User	START	1655897011814
USER	Update User	END	1655897011831
REQUEST		Create User Request	1655897011320	1655897011894	OK	 
USER	Create User	END	1655897011955
USER	Create User	END	1655897012286
USER	Create User	START	1655897012301
REQUEST		Create User Request	1655897011815	1655897012397	OK	 
USER	Create User	START	1655897012807
REQUEST		Create User Request	1655897012302	1655897012856	OK	 
USER	Create User	END	1655897012903
USER	Create User	END	1655897013406
REQUEST		Create User Request	1655897012808	1655897013415	OK	 
USER	Create User	END	1655897013870
USER	Create User	END	1655897014433
