RUN	test.scala.com.gatling.tests.feederdemo	feederdemo	1656410476148	demo again	3.6.1
USER	Feeders demo	START	1656410477653
USER	Feeders demo	START	1656410477653
USER	Feeders demo	START	1656410477653
REQUEST		Goto Home Page	1656410478709	1656410479944	OK	 
REQUEST		Goto Home Page	1656410478709	1656410479944	OK	 
REQUEST		Goto Home Page Redirect 1	1656410479957	1656410480249	OK	 
REQUEST		Goto Home Page Redirect 1	1656410479957	1656410480249	OK	 
REQUEST		Goto Home Page	1656410481265	1656410481580	OK	 
REQUEST		Goto Home Page	1656410481266	1656410481580	OK	 
REQUEST		Goto Home Page Redirect 1	1656410481581	1656410481988	OK	 
REQUEST		Goto Home Page Redirect 1	1656410481581	1656410481988	OK	 
REQUEST		Goto Home Page	1656410483005	1656410483319	OK	 
REQUEST		Goto Home Page	1656410483004	1656410483319	OK	 
REQUEST		Goto Home Page Redirect 1	1656410483320	1656410483627	OK	 
REQUEST		Goto Home Page Redirect 1	1656410483320	1656410483627	OK	 
USER	Feeders demo	END	1656410483635
USER	Feeders demo	END	1656410483635
REQUEST		Goto Home Page	1656410478709	1656410489061	KO	i.n.h.s.SslHandshakeTimeoutException: handshake timed out after 10000ms
REQUEST		Goto Home Page	1656410490076	1656410491306	OK	 
REQUEST		Goto Home Page Redirect 1	1656410491307	1656410491615	OK	 
REQUEST		Goto Home Page	1656410492624	1656410492944	OK	 
REQUEST		Goto Home Page Redirect 1	1656410492945	1656410493251	OK	 
USER	Feeders demo	END	1656410493252
